** Drc report for pcb.kicad_pcb **
** Created on 2026-01-25T00:55:37-0500 **

** Found 76 DRC violations **
[hole_to_hole]: Drilled hole too close to other hole (board setup constraints min 0.2495 mm; actual 0.0000 mm)
    Rule: board setup constraints; warning
    @(83.1900 mm, 112.4600 mm): NPTH pad of S1
    @(84.4600 mm, 109.9200 mm): NPTH pad of S1
[hole_to_hole]: Drilled hole too close to other hole (board setup constraints min 0.2495 mm; actual 0.0000 mm)
    Rule: board setup constraints; warning
    @(90.8100 mm, 112.4600 mm): NPTH pad of S1
    @(89.5400 mm, 109.9200 mm): NPTH pad of S1
[hole_to_hole]: Drilled hole too close to other hole (board setup constraints min 0.2495 mm; actual 0.0000 mm)
    Rule: board setup constraints; warning
    @(84.4600 mm, 90.9200 mm): NPTH pad of S2
    @(83.1900 mm, 93.4600 mm): NPTH pad of S2
[hole_to_hole]: Drilled hole too close to other hole (board setup constraints min 0.2495 mm; actual 0.0000 mm)
    Rule: board setup constraints; warning
    @(90.8100 mm, 93.4600 mm): NPTH pad of S2
    @(89.5400 mm, 90.9200 mm): NPTH pad of S2
[hole_to_hole]: Drilled hole too close to other hole (board setup constraints min 0.2495 mm; actual 0.0000 mm)
    Rule: board setup constraints; warning
    @(83.1900 mm, 74.4600 mm): NPTH pad of S3
    @(84.4600 mm, 71.9200 mm): NPTH pad of S3
[hole_to_hole]: Drilled hole too close to other hole (board setup constraints min 0.2495 mm; actual 0.0000 mm)
    Rule: board setup constraints; warning
    @(90.8100 mm, 74.4600 mm): NPTH pad of S3
    @(89.5400 mm, 71.9200 mm): NPTH pad of S3
[hole_to_hole]: Drilled hole too close to other hole (board setup constraints min 0.2495 mm; actual 0.0000 mm)
    Rule: board setup constraints; warning
    @(103.4600 mm, 90.9200 mm): NPTH pad of S4
    @(102.1900 mm, 93.4600 mm): NPTH pad of S4
[hole_to_hole]: Drilled hole too close to other hole (board setup constraints min 0.2495 mm; actual 0.0000 mm)
    Rule: board setup constraints; warning
    @(109.8100 mm, 93.4600 mm): NPTH pad of S4
    @(108.5400 mm, 90.9200 mm): NPTH pad of S4
[hole_to_hole]: Drilled hole too close to other hole (board setup constraints min 0.2495 mm; actual 0.0000 mm)
    Rule: board setup constraints; warning
    @(103.4600 mm, 71.9200 mm): NPTH pad of S5
    @(102.1900 mm, 74.4600 mm): NPTH pad of S5
[hole_to_hole]: Drilled hole too close to other hole (board setup constraints min 0.2495 mm; actual 0.0000 mm)
    Rule: board setup constraints; warning
    @(109.8100 mm, 74.4600 mm): NPTH pad of S5
    @(108.5400 mm, 71.9200 mm): NPTH pad of S5
[hole_to_hole]: Drilled hole too close to other hole (board setup constraints min 0.2495 mm; actual 0.0000 mm)
    Rule: board setup constraints; warning
    @(103.4600 mm, 52.9200 mm): NPTH pad of S6
    @(102.1900 mm, 55.4600 mm): NPTH pad of S6
[hole_to_hole]: Drilled hole too close to other hole (board setup constraints min 0.2495 mm; actual 0.0000 mm)
    Rule: board setup constraints; warning
    @(109.8100 mm, 55.4600 mm): NPTH pad of S6
    @(108.5400 mm, 52.9200 mm): NPTH pad of S6
[hole_to_hole]: Drilled hole too close to other hole (board setup constraints min 0.2495 mm; actual 0.0000 mm)
    Rule: board setup constraints; warning
    @(121.1900 mm, 88.7100 mm): NPTH pad of S7
    @(122.4600 mm, 86.1700 mm): NPTH pad of S7
[hole_to_hole]: Drilled hole too close to other hole (board setup constraints min 0.2495 mm; actual 0.0000 mm)
    Rule: board setup constraints; warning
    @(127.5400 mm, 86.1700 mm): NPTH pad of S7
    @(128.8100 mm, 88.7100 mm): NPTH pad of S7
[hole_to_hole]: Drilled hole too close to other hole (board setup constraints min 0.2495 mm; actual 0.0000 mm)
    Rule: board setup constraints; warning
    @(122.4600 mm, 67.1700 mm): NPTH pad of S8
    @(121.1900 mm, 69.7100 mm): NPTH pad of S8
[hole_to_hole]: Drilled hole too close to other hole (board setup constraints min 0.2495 mm; actual 0.0000 mm)
    Rule: board setup constraints; warning
    @(127.5400 mm, 67.1700 mm): NPTH pad of S8
    @(128.8100 mm, 69.7100 mm): NPTH pad of S8
[hole_to_hole]: Drilled hole too close to other hole (board setup constraints min 0.2495 mm; actual 0.0000 mm)
    Rule: board setup constraints; warning
    @(122.4600 mm, 48.1700 mm): NPTH pad of S9
    @(121.1900 mm, 50.7100 mm): NPTH pad of S9
[hole_to_hole]: Drilled hole too close to other hole (board setup constraints min 0.2495 mm; actual 0.0000 mm)
    Rule: board setup constraints; warning
    @(127.5400 mm, 48.1700 mm): NPTH pad of S9
    @(128.8100 mm, 50.7100 mm): NPTH pad of S9
[hole_to_hole]: Drilled hole too close to other hole (board setup constraints min 0.2495 mm; actual 0.0000 mm)
    Rule: board setup constraints; warning
    @(141.4600 mm, 95.6700 mm): NPTH pad of S10
    @(140.1900 mm, 98.2100 mm): NPTH pad of S10
[hole_to_hole]: Drilled hole too close to other hole (board setup constraints min 0.2495 mm; actual 0.0000 mm)
    Rule: board setup constraints; warning
    @(147.8100 mm, 98.2100 mm): NPTH pad of S10
    @(146.5400 mm, 95.6700 mm): NPTH pad of S10
[hole_to_hole]: Drilled hole too close to other hole (board setup constraints min 0.2495 mm; actual 0.0000 mm)
    Rule: board setup constraints; warning
    @(140.1900 mm, 79.2100 mm): NPTH pad of S11
    @(141.4600 mm, 76.6700 mm): NPTH pad of S11
[hole_to_hole]: Drilled hole too close to other hole (board setup constraints min 0.2495 mm; actual 0.0000 mm)
    Rule: board setup constraints; warning
    @(146.5400 mm, 76.6700 mm): NPTH pad of S11
    @(147.8100 mm, 79.2100 mm): NPTH pad of S11
[hole_to_hole]: Drilled hole too close to other hole (board setup constraints min 0.2495 mm; actual 0.0000 mm)
    Rule: board setup constraints; warning
    @(140.1900 mm, 60.2100 mm): NPTH pad of S12
    @(141.4600 mm, 57.6700 mm): NPTH pad of S12
[hole_to_hole]: Drilled hole too close to other hole (board setup constraints min 0.2495 mm; actual 0.0000 mm)
    Rule: board setup constraints; warning
    @(147.8100 mm, 60.2100 mm): NPTH pad of S12
    @(146.5400 mm, 57.6700 mm): NPTH pad of S12
[hole_to_hole]: Drilled hole too close to other hole (board setup constraints min 0.2495 mm; actual 0.0000 mm)
    Rule: board setup constraints; warning
    @(159.1900 mm, 102.9600 mm): NPTH pad of S13
    @(160.4600 mm, 100.4200 mm): NPTH pad of S13
[hole_to_hole]: Drilled hole too close to other hole (board setup constraints min 0.2495 mm; actual 0.0000 mm)
    Rule: board setup constraints; warning
    @(165.5400 mm, 100.4200 mm): NPTH pad of S13
    @(166.8100 mm, 102.9600 mm): NPTH pad of S13
[hole_to_hole]: Drilled hole too close to other hole (board setup constraints min 0.2495 mm; actual 0.0000 mm)
    Rule: board setup constraints; warning
    @(159.1900 mm, 83.9600 mm): NPTH pad of S14
    @(160.4600 mm, 81.4200 mm): NPTH pad of S14
[hole_to_hole]: Drilled hole too close to other hole (board setup constraints min 0.2495 mm; actual 0.0000 mm)
    Rule: board setup constraints; warning
    @(166.8100 mm, 83.9600 mm): NPTH pad of S14
    @(165.5400 mm, 81.4200 mm): NPTH pad of S14
[hole_to_hole]: Drilled hole too close to other hole (board setup constraints min 0.2495 mm; actual 0.0000 mm)
    Rule: board setup constraints; warning
    @(159.1900 mm, 64.9600 mm): NPTH pad of S15
    @(160.4600 mm, 62.4200 mm): NPTH pad of S15
[hole_to_hole]: Drilled hole too close to other hole (board setup constraints min 0.2495 mm; actual 0.0000 mm)
    Rule: board setup constraints; warning
    @(166.8100 mm, 64.9600 mm): NPTH pad of S15
    @(165.5400 mm, 62.4200 mm): NPTH pad of S15
[hole_to_hole]: Drilled hole too close to other hole (board setup constraints min 0.2495 mm; actual 0.0000 mm)
    Rule: board setup constraints; warning
    @(141.4600 mm, 119.4200 mm): NPTH pad of S16
    @(140.1900 mm, 121.9600 mm): NPTH pad of S16
[hole_to_hole]: Drilled hole too close to other hole (board setup constraints min 0.2495 mm; actual 0.0000 mm)
    Rule: board setup constraints; warning
    @(147.8100 mm, 121.9600 mm): NPTH pad of S16
    @(146.5400 mm, 119.4200 mm): NPTH pad of S16
[hole_to_hole]: Drilled hole too close to other hole (board setup constraints min 0.2495 mm; actual 0.0000 mm)
    Rule: board setup constraints; warning
    @(162.9772 mm, 123.4354 mm): NPTH pad of S17
    @(164.8613 mm, 121.3107 mm): NPTH pad of S17
[hole_to_hole]: Drilled hole too close to other hole (board setup constraints min 0.2495 mm; actual 0.0000 mm)
    Rule: board setup constraints; warning
    @(169.7683 mm, 122.6255 mm): NPTH pad of S17
    @(170.3376 mm, 125.4076 mm): NPTH pad of S17
[hole_to_hole]: Drilled hole too close to other hole (board setup constraints min 0.2495 mm; actual 0.0000 mm)
    Rule: board setup constraints; warning
    @(184.9704 mm, 132.2703 mm): NPTH pad of S18
    @(187.3403 mm, 130.7056 mm): NPTH pad of S18
[hole_to_hole]: Drilled hole too close to other hole (board setup constraints min 0.2495 mm; actual 0.0000 mm)
    Rule: board setup constraints; warning
    @(191.5696 mm, 136.0803 mm): NPTH pad of S18
    @(191.7397 mm, 133.2456 mm): NPTH pad of S18
[lib_footprint_issues]: The current configuration does not include the footprint library 'ceoloide'.
    Local override; warning
    @(87.0000 mm, 115.0000 mm): Footprint S1
[lib_footprint_issues]: The current configuration does not include the footprint library 'ceoloide'.
    Local override; warning
    @(87.0000 mm, 96.0000 mm): Footprint S2
[lib_footprint_issues]: The current configuration does not include the footprint library 'ceoloide'.
    Local override; warning
    @(87.0000 mm, 77.0000 mm): Footprint S3
[lib_footprint_issues]: The current configuration does not include the footprint library 'ceoloide'.
    Local override; warning
    @(106.0000 mm, 96.0000 mm): Footprint S4
[lib_footprint_issues]: The current configuration does not include the footprint library 'ceoloide'.
    Local override; warning
    @(106.0000 mm, 77.0000 mm): Footprint S5
[lib_footprint_issues]: The current configuration does not include the footprint library 'ceoloide'.
    Local override; warning
    @(106.0000 mm, 58.0000 mm): Footprint S6
[lib_footprint_issues]: The current configuration does not include the footprint library 'ceoloide'.
    Local override; warning
    @(125.0000 mm, 91.2500 mm): Footprint S7
[lib_footprint_issues]: The current configuration does not include the footprint library 'ceoloide'.
    Local override; warning
    @(125.0000 mm, 72.2500 mm): Footprint S8
[lib_footprint_issues]: The current configuration does not include the footprint library 'ceoloide'.
    Local override; warning
    @(125.0000 mm, 53.2500 mm): Footprint S9
[lib_footprint_issues]: The current configuration does not include the footprint library 'ceoloide'.
    Local override; warning
    @(144.0000 mm, 100.7500 mm): Footprint S10
[lib_footprint_issues]: The current configuration does not include the footprint library 'ceoloide'.
    Local override; warning
    @(144.0000 mm, 81.7500 mm): Footprint S11
[lib_footprint_issues]: The current configuration does not include the footprint library 'ceoloide'.
    Local override; warning
    @(144.0000 mm, 62.7500 mm): Footprint S12
[lib_footprint_issues]: The current configuration does not include the footprint library 'ceoloide'.
    Local override; warning
    @(163.0000 mm, 105.5000 mm): Footprint S13
[lib_footprint_issues]: The current configuration does not include the footprint library 'ceoloide'.
    Local override; warning
    @(163.0000 mm, 86.5000 mm): Footprint S14
[lib_footprint_issues]: The current configuration does not include the footprint library 'ceoloide'.
    Local override; warning
    @(163.0000 mm, 67.5000 mm): Footprint S15
[lib_footprint_issues]: The current configuration does not include the footprint library 'ceoloide'.
    Local override; warning
    @(144.0000 mm, 124.5000 mm): Footprint S16
[lib_footprint_issues]: The current configuration does not include the footprint library 'ceoloide'.
    Local override; warning
    @(166.0000 mm, 126.8750 mm): Footprint S17
[lib_footprint_issues]: The current configuration does not include the footprint library 'ceoloide'.
    Local override; warning
    @(187.0000 mm, 136.3750 mm): Footprint S18
[lib_footprint_issues]: The current configuration does not include the footprint library 'ceoloide'.
    Local override; warning
    @(92.7000 mm, 118.0000 mm): Footprint D1
[lib_footprint_issues]: The current configuration does not include the footprint library 'ceoloide'.
    Local override; warning
    @(92.7000 mm, 99.0000 mm): Footprint D2
[lib_footprint_issues]: The current configuration does not include the footprint library 'ceoloide'.
    Local override; warning
    @(92.7000 mm, 80.0000 mm): Footprint D3
[lib_footprint_issues]: The current configuration does not include the footprint library 'ceoloide'.
    Local override; warning
    @(111.7000 mm, 99.0000 mm): Footprint D4
[lib_footprint_issues]: The current configuration does not include the footprint library 'ceoloide'.
    Local override; warning
    @(111.7000 mm, 80.0000 mm): Footprint D5
[lib_footprint_issues]: The current configuration does not include the footprint library 'ceoloide'.
    Local override; warning
    @(111.7000 mm, 61.0000 mm): Footprint D6
[lib_footprint_issues]: The current configuration does not include the footprint library 'ceoloide'.
    Local override; warning
    @(130.7000 mm, 94.2500 mm): Footprint D7
[lib_footprint_issues]: The current configuration does not include the footprint library 'ceoloide'.
    Local override; warning
    @(130.7000 mm, 75.2500 mm): Footprint D8
[lib_footprint_issues]: The current configuration does not include the footprint library 'ceoloide'.
    Local override; warning
    @(130.7000 mm, 56.2500 mm): Footprint D9
[lib_footprint_issues]: The current configuration does not include the footprint library 'ceoloide'.
    Local override; warning
    @(149.7000 mm, 103.7500 mm): Footprint D10
[lib_footprint_issues]: The current configuration does not include the footprint library 'ceoloide'.
    Local override; warning
    @(149.7000 mm, 84.7500 mm): Footprint D11
[lib_footprint_issues]: The current configuration does not include the footprint library 'ceoloide'.
    Local override; warning
    @(149.7000 mm, 65.7500 mm): Footprint D12
[lib_footprint_issues]: The current configuration does not include the footprint library 'ceoloide'.
    Local override; warning
    @(168.7000 mm, 108.5000 mm): Footprint D13
[lib_footprint_issues]: The current configuration does not include the footprint library 'ceoloide'.
    Local override; warning
    @(168.7000 mm, 89.5000 mm): Footprint D14
[lib_footprint_issues]: The current configuration does not include the footprint library 'ceoloide'.
    Local override; warning
    @(168.7000 mm, 70.5000 mm): Footprint D15
[lib_footprint_issues]: The current configuration does not include the footprint library 'ceoloide'.
    Local override; warning
    @(149.7000 mm, 127.5000 mm): Footprint D16
[lib_footprint_issues]: The current configuration does not include the footprint library 'ceoloide'.
    Local override; warning
    @(170.7293 mm, 131.2480 mm): Footprint D17
[lib_footprint_issues]: The current configuration does not include the footprint library 'ceoloide'.
    Local override; warning
    @(190.4363 mm, 141.8231 mm): Footprint D18
[lib_footprint_issues]: The current configuration does not include the footprint library 'ceoloide'.
    Local override; warning
    @(184.0000 mm, 74.0000 mm): Footprint MCU1
[lib_footprint_issues]: The current configuration does not include the footprint library 'ceoloide'.
    Local override; warning
    @(179.0000 mm, 104.0000 mm): Footprint JST1
[lib_footprint_issues]: The current configuration does not include the footprint library 'ceoloide'.
    Local override; warning
    @(191.0000 mm, 104.0000 mm): Footprint RST1
[lib_footprint_issues]: The current configuration does not include the footprint library 'ceoloide'.
    Local override; warning
    @(191.5000 mm, 118.2500 mm): Footprint PWR1

** Found 38 unconnected pads **
[unconnected_items]: Missing connection between items
    Local override; error
    @(90.9630 mm, 70.0410 mm): Track [pin] on B.Cu, length 2.6573 mm
    @(191.6200 mm, 71.4600 mm): PTH pad 5 [pin] of MCU1
[unconnected_items]: Missing connection between items
    Local override; error
    @(91.0500 mm, 99.0000 mm): Pad 2 [pin_ho] of D2 on F.Cu
    @(91.0500 mm, 99.0000 mm): Track [pin_ho] on B.Cu, length 7.9699 mm
[unconnected_items]: Missing connection between items
    Local override; error
    @(91.0500 mm, 80.0000 mm): Pad 2 [pin_to] of D3 on F.Cu
    @(91.0500 mm, 80.0000 mm): Track [pin_to] on B.Cu, length 7.9699 mm
[unconnected_items]: Missing connection between items
    Local override; error
    @(110.0500 mm, 99.0000 mm): Pad 2 [ri_bo] of D4 on F.Cu
    @(110.0500 mm, 99.0000 mm): Track [ri_bo] on B.Cu, length 7.9699 mm
[unconnected_items]: Missing connection between items
    Local override; error
    @(110.0500 mm, 80.0000 mm): Pad 2 [ri_ho] of D5 on F.Cu
    @(110.0500 mm, 80.0000 mm): Track [ri_ho] on B.Cu, length 7.9699 mm
[unconnected_items]: Missing connection between items
    Local override; error
    @(110.0500 mm, 61.0000 mm): Pad 2 [ri_to] of D6 on F.Cu
    @(110.0500 mm, 61.0000 mm): Track [ri_to] on B.Cu, length 7.9699 mm
[unconnected_items]: Missing connection between items
    Local override; error
    @(129.0500 mm, 94.2500 mm): Pad 2 [mi_bo] of D7 on F.Cu
    @(129.0500 mm, 94.2500 mm): Track [mi_bo] on B.Cu, length 7.9699 mm
[unconnected_items]: Missing connection between items
    Local override; error
    @(129.0500 mm, 75.2500 mm): Pad 2 [mi_ho] of D8 on F.Cu
    @(129.0500 mm, 75.2500 mm): Track [mi_ho] on B.Cu, length 7.9699 mm
[unconnected_items]: Missing connection between items
    Local override; error
    @(129.0500 mm, 56.2500 mm): Pad 2 [mi_to] of D9 on F.Cu
    @(129.0500 mm, 56.2500 mm): Track [mi_to] on B.Cu, length 7.9699 mm
[unconnected_items]: Missing connection between items
    Local override; error
    @(148.0500 mm, 103.7500 mm): Pad 2 [ind_bo] of D10 on B.Cu
    @(148.0500 mm, 103.7500 mm): Pad 2 [ind_bo] of D10 on F.Cu
[unconnected_items]: Missing connection between items
    Local override; error
    @(148.0500 mm, 84.7500 mm): Pad 2 [ind_ho] of D11 on B.Cu
    @(148.0500 mm, 84.7500 mm): Pad 2 [ind_ho] of D11 on F.Cu
[unconnected_items]: Missing connection between items
    Local override; error
    @(148.0500 mm, 65.7500 mm): Pad 2 [ind_to] of D12 on B.Cu
    @(148.0500 mm, 65.7500 mm): Pad 2 [ind_to] of D12 on F.Cu
[unconnected_items]: Missing connection between items
    Local override; error
    @(167.0500 mm, 108.5000 mm): Pad 2 [inn_bo] of D13 on B.Cu
    @(167.0500 mm, 108.5000 mm): Pad 2 [inn_bo] of D13 on F.Cu
[unconnected_items]: Missing connection between items
    Local override; error
    @(167.0500 mm, 89.5000 mm): Pad 2 [inn_ho] of D14 on B.Cu
    @(167.0500 mm, 89.5000 mm): Pad 2 [inn_ho] of D14 on F.Cu
[unconnected_items]: Missing connection between items
    Local override; error
    @(167.0500 mm, 70.5000 mm): Pad 2 [inn_to] of D15 on B.Cu
    @(167.0500 mm, 70.5000 mm): Pad 2 [inn_to] of D15 on F.Cu
[unconnected_items]: Missing connection between items
    Local override; error
    @(148.0500 mm, 127.5000 mm): Pad 2 [ind_th] of D16 on B.Cu
    @(148.0500 mm, 127.5000 mm): Pad 2 [ind_th] of D16 on F.Cu
[unconnected_items]: Missing connection between items
    Local override; error
    @(169.1355 mm, 130.8210 mm): Pad 2 [inn_th] of D17 on B.Cu
    @(169.1355 mm, 130.8210 mm): Pad 2 [inn_th] of D17 on F.Cu
[unconnected_items]: Missing connection between items
    Local override; error
    @(189.0074 mm, 140.9981 mm): Pad 2 [far_th] of D18 on B.Cu
    @(189.0074 mm, 140.9981 mm): Pad 2 [far_th] of D18 on F.Cu
[unconnected_items]: Missing connection between items
    Local override; error
    @(94.3500 mm, 118.0000 mm): Pad 1 [bo] of D1 on F.Cu
    @(94.3500 mm, 118.0000 mm): Pad 1 [bo] of D1 on B.Cu
[unconnected_items]: Missing connection between items
    Local override; error
    @(113.3500 mm, 99.0000 mm): Pad 1 [bo] of D4 on B.Cu
    @(127.6000 mm, 99.0000 mm): Track [bo] on F.Cu, length 14.2500 mm
[unconnected_items]: Missing connection between items
    Local override; error
    @(132.3500 mm, 94.2500 mm): Pad 1 [bo] of D7 on B.Cu
    @(132.3500 mm, 94.2500 mm): Track [bo] on F.Cu, length 6.7175 mm
[unconnected_items]: Missing connection between items
    Local override; error
    @(150.5000 mm, 104.6000 mm): Track [bo] on B.Cu, length 1.2021 mm
    @(157.0010 mm, 109.4010 mm): Track [bo] on F.Cu, length 7.9917 mm
[unconnected_items]: Missing connection between items
    Local override; error
    @(170.3500 mm, 108.5000 mm): Pad 1 [bo] of D13 on B.Cu
    @(170.3500 mm, 108.5000 mm): Track [bo] on F.Cu, length 1.2742 mm
[unconnected_items]: Missing connection between items
    Local override; error
    @(94.3500 mm, 99.0000 mm): Pad 1 [ho] of D2 on B.Cu
    @(94.3500 mm, 99.0000 mm): Track [ho] on F.Cu, length 5.9850 mm
[unconnected_items]: Missing connection between items
    Local override; error
    @(113.3500 mm, 80.0000 mm): Pad 1 [ho] of D5 on B.Cu
    @(112.4490 mm, 80.9010 mm): Track [ho] on F.Cu, length 1.2742 mm
[unconnected_items]: Missing connection between items
    Local override; error
    @(127.6000 mm, 80.0000 mm): Track [ho] on B.Cu, length 6.7175 mm
    @(132.3500 mm, 75.2500 mm): Track [ho] on F.Cu, length 1.7699 mm
[unconnected_items]: Missing connection between items
    Local override; error
    @(151.3500 mm, 84.7500 mm): Pad 1 [ho] of D11 on B.Cu
    @(149.6000 mm, 86.5000 mm): Track [ho] on F.Cu, length 2.4749 mm
[unconnected_items]: Missing connection between items
    Local override; error
    @(170.3500 mm, 89.5000 mm): Pad 1 [ho] of D14 on F.Cu
    @(170.3500 mm, 89.5000 mm): Pad 1 [ho] of D14 on B.Cu
[unconnected_items]: Missing connection between items
    Local override; error
    @(94.3500 mm, 80.0000 mm): Pad 1 [to] of D3 on F.Cu
    @(94.3500 mm, 80.0000 mm): Track [to] on B.Cu, length 3.9410 mm
[unconnected_items]: Missing connection between items
    Local override; error
    @(113.3500 mm, 61.0000 mm): Pad 1 [to] of D6 on F.Cu
    @(112.4490 mm, 61.9010 mm): Track [to] on B.Cu, length 1.2742 mm
[unconnected_items]: Missing connection between items
    Local override; error
    @(132.3500 mm, 56.2500 mm): Track [to] on B.Cu, length 2.6000 mm
    @(132.3500 mm, 56.2500 mm): Track [to] on F.Cu, length 6.7175 mm
[unconnected_items]: Missing connection between items
    Local override; error
    @(151.3500 mm, 65.7500 mm): Pad 1 [to] of D12 on F.Cu
    @(150.4490 mm, 66.6510 mm): Track [to] on B.Cu, length 1.2742 mm
[unconnected_items]: Missing connection between items
    Local override; error
    @(170.3500 mm, 70.5000 mm): Pad 1 [to] of D15 on F.Cu
    @(170.3500 mm, 70.5000 mm): Pad 1 [to] of D15 on B.Cu
[unconnected_items]: Missing connection between items
    Local override; error
    @(151.3500 mm, 127.5000 mm): Pad 1 [th] of D16 on B.Cu
    @(151.3500 mm, 127.5000 mm): Track [th] on F.Cu, length 9.1924 mm
[unconnected_items]: Missing connection between items
    Local override; error
    @(172.3231 mm, 131.6751 mm): Pad 1 [th] of D17 on F.Cu
    @(172.3231 mm, 131.6751 mm): Track [th] on B.Cu, length 5.7373 mm
[unconnected_items]: Missing connection between items
    Local override; error
    @(191.8653 mm, 142.6481 mm): Pad 1 [th] of D18 on B.Cu
    @(183.2961 mm, 142.6481 mm): Track [th] on F.Cu, length 8.5692 mm
[unconnected_items]: Missing connection between items
    Local override; error
    @(189.7650 mm, 119.0000 mm): Pad 2 [RAW] of PWR1 on B.Cu
    @(189.7650 mm, 117.5000 mm): Pad 2 [RAW] of PWR1 on F.Cu
[unconnected_items]: Missing connection between items
    Local override; error
    @(181.8160 mm, 112.5510 mm): Track [BAT_P] on F.Cu, length 11.2416 mm
    @(189.7650 mm, 120.5000 mm): Pad 3 [BAT_P] of PWR1 on B.Cu

** Found 0 Footprint errors **

** End of Report **
